  BattleSystem.cpp
D:\ProjectsRepo\PDTR\TextRPG v0.0.31\SkillStock.h(151,21): warning C4018: <: несоответствие типов со знаком и без знака
D:\ProjectsRepo\PDTR\TextRPG v0.0.31\SkillStock.h(158,15): warning C4018: >: несоответствие типов со знаком и без знака
D:\ProjectsRepo\PDTR\TextRPG v0.0.31\SkillStock.h(170,21): warning C4018: <: несоответствие типов со знаком и без знака
D:\ProjectsRepo\PDTR\TextRPG v0.0.31\SkillStock.h(177,15): warning C4018: >: несоответствие типов со знаком и без знака
D:\ProjectsRepo\PDTR\TextRPG v0.0.31\SkillStock.h(189,21): warning C4018: <: несоответствие типов со знаком и без знака
D:\ProjectsRepo\PDTR\TextRPG v0.0.31\SkillStock.h(196,15): warning C4018: >: несоответствие типов со знаком и без знака
D:\ProjectsRepo\PDTR\TextRPG v0.0.31\Inventory.h(341,22): warning C4018: <: несоответствие типов со знаком и без знака
D:\ProjectsRepo\PDTR\TextRPG v0.0.31\Inventory.h(346,22): warning C4018: <: несоответствие типов со знаком и без знака
D:\ProjectsRepo\PDTR\TextRPG v0.0.31\Inventory.h(351,22): warning C4018: <: несоответствие типов со знаком и без знака
D:\ProjectsRepo\PDTR\TextRPG v0.0.31\Inventory.h(356,22): warning C4018: <: несоответствие типов со знаком и без знака
D:\ProjectsRepo\PDTR\TextRPG v0.0.31\Inventory.h(361,22): warning C4018: <: несоответствие типов со знаком и без знака
D:\ProjectsRepo\PDTR\TextRPG v0.0.31\Inventory.h(369,16): warning C4018: >: несоответствие типов со знаком и без знака
D:\ProjectsRepo\PDTR\TextRPG v0.0.31\Inventory.h(379,22): warning C4018: <: несоответствие типов со знаком и без знака
D:\ProjectsRepo\PDTR\TextRPG v0.0.31\Inventory.h(385,68): warning C4018: <: несоответствие типов со знаком и без знака
D:\ProjectsRepo\PDTR\TextRPG v0.0.31\Inventory.h(391,67): warning C4018: <: несоответствие типов со знаком и без знака
D:\ProjectsRepo\PDTR\TextRPG v0.0.31\Inventory.h(397,73): warning C4018: <: несоответствие типов со знаком и без знака
D:\ProjectsRepo\PDTR\TextRPG v0.0.31\Inventory.h(403,72): warning C4018: <: несоответствие типов со знаком и без знака
D:\ProjectsRepo\PDTR\TextRPG v0.0.31\BattleSystem.cpp(46,20): warning C4018: <: несоответствие типов со знаком и без знака
  Skills.cpp
D:\ProjectsRepo\PDTR\TextRPG v0.0.31\SkillStock.h(151,21): warning C4018: <: несоответствие типов со знаком и без знака
D:\ProjectsRepo\PDTR\TextRPG v0.0.31\SkillStock.h(158,15): warning C4018: >: несоответствие типов со знаком и без знака
D:\ProjectsRepo\PDTR\TextRPG v0.0.31\SkillStock.h(170,21): warning C4018: <: несоответствие типов со знаком и без знака
D:\ProjectsRepo\PDTR\TextRPG v0.0.31\SkillStock.h(177,15): warning C4018: >: несоответствие типов со знаком и без знака
D:\ProjectsRepo\PDTR\TextRPG v0.0.31\SkillStock.h(189,21): warning C4018: <: несоответствие типов со знаком и без знака
D:\ProjectsRepo\PDTR\TextRPG v0.0.31\SkillStock.h(196,15): warning C4018: >: несоответствие типов со знаком и без знака
D:\ProjectsRepo\PDTR\TextRPG v0.0.31\Inventory.h(341,22): warning C4018: <: несоответствие типов со знаком и без знака
D:\ProjectsRepo\PDTR\TextRPG v0.0.31\Inventory.h(346,22): warning C4018: <: несоответствие типов со знаком и без знака
D:\ProjectsRepo\PDTR\TextRPG v0.0.31\Inventory.h(351,22): warning C4018: <: несоответствие типов со знаком и без знака
D:\ProjectsRepo\PDTR\TextRPG v0.0.31\Inventory.h(356,22): warning C4018: <: несоответствие типов со знаком и без знака
D:\ProjectsRepo\PDTR\TextRPG v0.0.31\Inventory.h(361,22): warning C4018: <: несоответствие типов со знаком и без знака
D:\ProjectsRepo\PDTR\TextRPG v0.0.31\Inventory.h(369,16): warning C4018: >: несоответствие типов со знаком и без знака
D:\ProjectsRepo\PDTR\TextRPG v0.0.31\Inventory.h(379,22): warning C4018: <: несоответствие типов со знаком и без знака
D:\ProjectsRepo\PDTR\TextRPG v0.0.31\Inventory.h(385,68): warning C4018: <: несоответствие типов со знаком и без знака
D:\ProjectsRepo\PDTR\TextRPG v0.0.31\Inventory.h(391,67): warning C4018: <: несоответствие типов со знаком и без знака
D:\ProjectsRepo\PDTR\TextRPG v0.0.31\Inventory.h(397,73): warning C4018: <: несоответствие типов со знаком и без знака
D:\ProjectsRepo\PDTR\TextRPG v0.0.31\Inventory.h(403,72): warning C4018: <: несоответствие типов со знаком и без знака
D:\ProjectsRepo\PDTR\TextRPG v0.0.31\Skills.cpp(23,21): warning C4018: <=: несоответствие типов со знаком и без знака
D:\ProjectsRepo\PDTR\TextRPG v0.0.31\Skills.cpp(34,24): warning C4018: <=: несоответствие типов со знаком и без знака
D:\ProjectsRepo\PDTR\TextRPG v0.0.31\Skills.cpp(50,13): warning C4244: аргумент: преобразование "time_t" в "unsigned int", возможна потеря данных
D:\ProjectsRepo\PDTR\TextRPG v0.0.31\Skills.cpp(151,21): warning C4018: <=: несоответствие типов со знаком и без знака
D:\ProjectsRepo\PDTR\TextRPG v0.0.31\Skills.cpp(162,24): warning C4018: <=: несоответствие типов со знаком и без знака
D:\ProjectsRepo\PDTR\TextRPG v0.0.31\Skills.cpp(227,69): warning C4244: =: преобразование "double" в "int", возможна потеря данных
D:\ProjectsRepo\PDTR\TextRPG v0.0.31\Skills.cpp(50,12): warning C4244: аргумент: преобразование "time_t" в "unsigned int", возможна потеря данных
D:\ProjectsRepo\PDTR\TextRPG v0.0.31\Skills.cpp(95): message : выполняется компиляция ссылки на экземпляр шаблон функции "void DamageDeal<maincharacter,_Ty>(T1 &,T2 &,Damage &)"
          with
          [
              _Ty=Enemy,
              T1=maincharacter,
              T2=Enemy
          ]
  World.cpp
D:\ProjectsRepo\PDTR\TextRPG v0.0.31\SkillStock.h(151,21): warning C4018: <: несоответствие типов со знаком и без знака
D:\ProjectsRepo\PDTR\TextRPG v0.0.31\SkillStock.h(158,15): warning C4018: >: несоответствие типов со знаком и без знака
D:\ProjectsRepo\PDTR\TextRPG v0.0.31\SkillStock.h(170,21): warning C4018: <: несоответствие типов со знаком и без знака
D:\ProjectsRepo\PDTR\TextRPG v0.0.31\SkillStock.h(177,15): warning C4018: >: несоответствие типов со знаком и без знака
D:\ProjectsRepo\PDTR\TextRPG v0.0.31\SkillStock.h(189,21): warning C4018: <: несоответствие типов со знаком и без знака
D:\ProjectsRepo\PDTR\TextRPG v0.0.31\SkillStock.h(196,15): warning C4018: >: несоответствие типов со знаком и без знака
D:\ProjectsRepo\PDTR\TextRPG v0.0.31\Inventory.h(341,22): warning C4018: <: несоответствие типов со знаком и без знака
D:\ProjectsRepo\PDTR\TextRPG v0.0.31\Inventory.h(346,22): warning C4018: <: несоответствие типов со знаком и без знака
D:\ProjectsRepo\PDTR\TextRPG v0.0.31\Inventory.h(351,22): warning C4018: <: несоответствие типов со знаком и без знака
D:\ProjectsRepo\PDTR\TextRPG v0.0.31\Inventory.h(356,22): warning C4018: <: несоответствие типов со знаком и без знака
D:\ProjectsRepo\PDTR\TextRPG v0.0.31\Inventory.h(361,22): warning C4018: <: несоответствие типов со знаком и без знака
D:\ProjectsRepo\PDTR\TextRPG v0.0.31\Inventory.h(369,16): warning C4018: >: несоответствие типов со знаком и без знака
D:\ProjectsRepo\PDTR\TextRPG v0.0.31\Inventory.h(379,22): warning C4018: <: несоответствие типов со знаком и без знака
D:\ProjectsRepo\PDTR\TextRPG v0.0.31\Inventory.h(385,68): warning C4018: <: несоответствие типов со знаком и без знака
D:\ProjectsRepo\PDTR\TextRPG v0.0.31\Inventory.h(391,67): warning C4018: <: несоответствие типов со знаком и без знака
D:\ProjectsRepo\PDTR\TextRPG v0.0.31\Inventory.h(397,73): warning C4018: <: несоответствие типов со знаком и без знака
D:\ProjectsRepo\PDTR\TextRPG v0.0.31\Inventory.h(403,72): warning C4018: <: несоответствие типов со знаком и без знака
D:\ProjectsRepo\PDTR\TextRPG v0.0.31\WorldExtensions.h(179,22): warning C4018: <: несоответствие типов со знаком и без знака
D:\ProjectsRepo\PDTR\TextRPG v0.0.31\WorldExtensions.h(185,16): warning C4018: >: несоответствие типов со знаком и без знака
  attributes.cpp
D:\ProjectsRepo\PDTR\TextRPG v0.0.31\SkillStock.h(151,21): warning C4018: <: несоответствие типов со знаком и без знака
D:\ProjectsRepo\PDTR\TextRPG v0.0.31\SkillStock.h(158,15): warning C4018: >: несоответствие типов со знаком и без знака
D:\ProjectsRepo\PDTR\TextRPG v0.0.31\SkillStock.h(170,21): warning C4018: <: несоответствие типов со знаком и без знака
D:\ProjectsRepo\PDTR\TextRPG v0.0.31\SkillStock.h(177,15): warning C4018: >: несоответствие типов со знаком и без знака
D:\ProjectsRepo\PDTR\TextRPG v0.0.31\SkillStock.h(189,21): warning C4018: <: несоответствие типов со знаком и без знака
D:\ProjectsRepo\PDTR\TextRPG v0.0.31\SkillStock.h(196,15): warning C4018: >: несоответствие типов со знаком и без знака
D:\ProjectsRepo\PDTR\TextRPG v0.0.31\Inventory.h(341,22): warning C4018: <: несоответствие типов со знаком и без знака
D:\ProjectsRepo\PDTR\TextRPG v0.0.31\Inventory.h(346,22): warning C4018: <: несоответствие типов со знаком и без знака
D:\ProjectsRepo\PDTR\TextRPG v0.0.31\Inventory.h(351,22): warning C4018: <: несоответствие типов со знаком и без знака
D:\ProjectsRepo\PDTR\TextRPG v0.0.31\Inventory.h(356,22): warning C4018: <: несоответствие типов со знаком и без знака
D:\ProjectsRepo\PDTR\TextRPG v0.0.31\Inventory.h(361,22): warning C4018: <: несоответствие типов со знаком и без знака
D:\ProjectsRepo\PDTR\TextRPG v0.0.31\Inventory.h(369,16): warning C4018: >: несоответствие типов со знаком и без знака
D:\ProjectsRepo\PDTR\TextRPG v0.0.31\Inventory.h(379,22): warning C4018: <: несоответствие типов со знаком и без знака
D:\ProjectsRepo\PDTR\TextRPG v0.0.31\Inventory.h(385,68): warning C4018: <: несоответствие типов со знаком и без знака
D:\ProjectsRepo\PDTR\TextRPG v0.0.31\Inventory.h(391,67): warning C4018: <: несоответствие типов со знаком и без знака
D:\ProjectsRepo\PDTR\TextRPG v0.0.31\Inventory.h(397,73): warning C4018: <: несоответствие типов со знаком и без знака
D:\ProjectsRepo\PDTR\TextRPG v0.0.31\Inventory.h(403,72): warning C4018: <: несоответствие типов со знаком и без знака
  enemies.cpp
D:\ProjectsRepo\PDTR\TextRPG v0.0.31\SkillStock.h(151,21): warning C4018: <: несоответствие типов со знаком и без знака
D:\ProjectsRepo\PDTR\TextRPG v0.0.31\SkillStock.h(158,15): warning C4018: >: несоответствие типов со знаком и без знака
D:\ProjectsRepo\PDTR\TextRPG v0.0.31\SkillStock.h(170,21): warning C4018: <: несоответствие типов со знаком и без знака
D:\ProjectsRepo\PDTR\TextRPG v0.0.31\SkillStock.h(177,15): warning C4018: >: несоответствие типов со знаком и без знака
D:\ProjectsRepo\PDTR\TextRPG v0.0.31\SkillStock.h(189,21): warning C4018: <: несоответствие типов со знаком и без знака
D:\ProjectsRepo\PDTR\TextRPG v0.0.31\SkillStock.h(196,15): warning C4018: >: несоответствие типов со знаком и без знака
D:\ProjectsRepo\PDTR\TextRPG v0.0.31\Inventory.h(341,22): warning C4018: <: несоответствие типов со знаком и без знака
D:\ProjectsRepo\PDTR\TextRPG v0.0.31\Inventory.h(346,22): warning C4018: <: несоответствие типов со знаком и без знака
D:\ProjectsRepo\PDTR\TextRPG v0.0.31\Inventory.h(351,22): warning C4018: <: несоответствие типов со знаком и без знака
D:\ProjectsRepo\PDTR\TextRPG v0.0.31\Inventory.h(356,22): warning C4018: <: несоответствие типов со знаком и без знака
D:\ProjectsRepo\PDTR\TextRPG v0.0.31\Inventory.h(361,22): warning C4018: <: несоответствие типов со знаком и без знака
D:\ProjectsRepo\PDTR\TextRPG v0.0.31\Inventory.h(369,16): warning C4018: >: несоответствие типов со знаком и без знака
D:\ProjectsRepo\PDTR\TextRPG v0.0.31\Inventory.h(379,22): warning C4018: <: несоответствие типов со знаком и без знака
D:\ProjectsRepo\PDTR\TextRPG v0.0.31\Inventory.h(385,68): warning C4018: <: несоответствие типов со знаком и без знака
D:\ProjectsRepo\PDTR\TextRPG v0.0.31\Inventory.h(391,67): warning C4018: <: несоответствие типов со знаком и без знака
D:\ProjectsRepo\PDTR\TextRPG v0.0.31\Inventory.h(397,73): warning C4018: <: несоответствие типов со знаком и без знака
D:\ProjectsRepo\PDTR\TextRPG v0.0.31\Inventory.h(403,72): warning C4018: <: несоответствие типов со знаком и без знака
D:\ProjectsRepo\PDTR\TextRPG v0.0.31\enemies.cpp(10,12): warning C4244: аргумент: преобразование "time_t" в "unsigned int", возможна потеря данных
D:\ProjectsRepo\PDTR\TextRPG v0.0.31\enemies.cpp(27,12): warning C4244: аргумент: преобразование "time_t" в "unsigned int", возможна потеря данных
  game.cpp
D:\ProjectsRepo\PDTR\TextRPG v0.0.31\SkillStock.h(151,21): warning C4018: <: несоответствие типов со знаком и без знака
D:\ProjectsRepo\PDTR\TextRPG v0.0.31\SkillStock.h(158,15): warning C4018: >: несоответствие типов со знаком и без знака
D:\ProjectsRepo\PDTR\TextRPG v0.0.31\SkillStock.h(170,21): warning C4018: <: несоответствие типов со знаком и без знака
D:\ProjectsRepo\PDTR\TextRPG v0.0.31\SkillStock.h(177,15): warning C4018: >: несоответствие типов со знаком и без знака
D:\ProjectsRepo\PDTR\TextRPG v0.0.31\SkillStock.h(189,21): warning C4018: <: несоответствие типов со знаком и без знака
D:\ProjectsRepo\PDTR\TextRPG v0.0.31\SkillStock.h(196,15): warning C4018: >: несоответствие типов со знаком и без знака
D:\ProjectsRepo\PDTR\TextRPG v0.0.31\Inventory.h(341,22): warning C4018: <: несоответствие типов со знаком и без знака
D:\ProjectsRepo\PDTR\TextRPG v0.0.31\Inventory.h(346,22): warning C4018: <: несоответствие типов со знаком и без знака
D:\ProjectsRepo\PDTR\TextRPG v0.0.31\Inventory.h(351,22): warning C4018: <: несоответствие типов со знаком и без знака
D:\ProjectsRepo\PDTR\TextRPG v0.0.31\Inventory.h(356,22): warning C4018: <: несоответствие типов со знаком и без знака
D:\ProjectsRepo\PDTR\TextRPG v0.0.31\Inventory.h(361,22): warning C4018: <: несоответствие типов со знаком и без знака
D:\ProjectsRepo\PDTR\TextRPG v0.0.31\Inventory.h(369,16): warning C4018: >: несоответствие типов со знаком и без знака
D:\ProjectsRepo\PDTR\TextRPG v0.0.31\Inventory.h(379,22): warning C4018: <: несоответствие типов со знаком и без знака
D:\ProjectsRepo\PDTR\TextRPG v0.0.31\Inventory.h(385,68): warning C4018: <: несоответствие типов со знаком и без знака
D:\ProjectsRepo\PDTR\TextRPG v0.0.31\Inventory.h(391,67): warning C4018: <: несоответствие типов со знаком и без знака
D:\ProjectsRepo\PDTR\TextRPG v0.0.31\Inventory.h(397,73): warning C4018: <: несоответствие типов со знаком и без знака
D:\ProjectsRepo\PDTR\TextRPG v0.0.31\Inventory.h(403,72): warning C4018: <: несоответствие типов со знаком и без знака
D:\ProjectsRepo\PDTR\TextRPG v0.0.31\WorldExtensions.h(179,22): warning C4018: <: несоответствие типов со знаком и без знака
D:\ProjectsRepo\PDTR\TextRPG v0.0.31\WorldExtensions.h(185,16): warning C4018: >: несоответствие типов со знаком и без знака
  gameSource.cpp
D:\ProjectsRepo\PDTR\TextRPG v0.0.31\SkillStock.h(151,21): warning C4018: <: несоответствие типов со знаком и без знака
D:\ProjectsRepo\PDTR\TextRPG v0.0.31\SkillStock.h(158,15): warning C4018: >: несоответствие типов со знаком и без знака
D:\ProjectsRepo\PDTR\TextRPG v0.0.31\SkillStock.h(170,21): warning C4018: <: несоответствие типов со знаком и без знака
D:\ProjectsRepo\PDTR\TextRPG v0.0.31\SkillStock.h(177,15): warning C4018: >: несоответствие типов со знаком и без знака
D:\ProjectsRepo\PDTR\TextRPG v0.0.31\SkillStock.h(189,21): warning C4018: <: несоответствие типов со знаком и без знака
D:\ProjectsRepo\PDTR\TextRPG v0.0.31\SkillStock.h(196,15): warning C4018: >: несоответствие типов со знаком и без знака
D:\ProjectsRepo\PDTR\TextRPG v0.0.31\Inventory.h(341,22): warning C4018: <: несоответствие типов со знаком и без знака
D:\ProjectsRepo\PDTR\TextRPG v0.0.31\Inventory.h(346,22): warning C4018: <: несоответствие типов со знаком и без знака
D:\ProjectsRepo\PDTR\TextRPG v0.0.31\Inventory.h(351,22): warning C4018: <: несоответствие типов со знаком и без знака
D:\ProjectsRepo\PDTR\TextRPG v0.0.31\Inventory.h(356,22): warning C4018: <: несоответствие типов со знаком и без знака
D:\ProjectsRepo\PDTR\TextRPG v0.0.31\Inventory.h(361,22): warning C4018: <: несоответствие типов со знаком и без знака
D:\ProjectsRepo\PDTR\TextRPG v0.0.31\Inventory.h(369,16): warning C4018: >: несоответствие типов со знаком и без знака
D:\ProjectsRepo\PDTR\TextRPG v0.0.31\Inventory.h(379,22): warning C4018: <: несоответствие типов со знаком и без знака
D:\ProjectsRepo\PDTR\TextRPG v0.0.31\Inventory.h(385,68): warning C4018: <: несоответствие типов со знаком и без знака
D:\ProjectsRepo\PDTR\TextRPG v0.0.31\Inventory.h(391,67): warning C4018: <: несоответствие типов со знаком и без знака
D:\ProjectsRepo\PDTR\TextRPG v0.0.31\Inventory.h(397,73): warning C4018: <: несоответствие типов со знаком и без знака
D:\ProjectsRepo\PDTR\TextRPG v0.0.31\Inventory.h(403,72): warning C4018: <: несоответствие типов со знаком и без знака
D:\ProjectsRepo\PDTR\TextRPG v0.0.31\WorldExtensions.h(179,22): warning C4018: <: несоответствие типов со знаком и без знака
D:\ProjectsRepo\PDTR\TextRPG v0.0.31\WorldExtensions.h(185,16): warning C4018: >: несоответствие типов со знаком и без знака
  resources.cpp
D:\ProjectsRepo\PDTR\TextRPG v0.0.31\SkillStock.h(151,21): warning C4018: <: несоответствие типов со знаком и без знака
D:\ProjectsRepo\PDTR\TextRPG v0.0.31\SkillStock.h(158,15): warning C4018: >: несоответствие типов со знаком и без знака
D:\ProjectsRepo\PDTR\TextRPG v0.0.31\SkillStock.h(170,21): warning C4018: <: несоответствие типов со знаком и без знака
D:\ProjectsRepo\PDTR\TextRPG v0.0.31\SkillStock.h(177,15): warning C4018: >: несоответствие типов со знаком и без знака
D:\ProjectsRepo\PDTR\TextRPG v0.0.31\SkillStock.h(189,21): warning C4018: <: несоответствие типов со знаком и без знака
D:\ProjectsRepo\PDTR\TextRPG v0.0.31\SkillStock.h(196,15): warning C4018: >: несоответствие типов со знаком и без знака
D:\ProjectsRepo\PDTR\TextRPG v0.0.31\Inventory.h(341,22): warning C4018: <: несоответствие типов со знаком и без знака
D:\ProjectsRepo\PDTR\TextRPG v0.0.31\Inventory.h(346,22): warning C4018: <: несоответствие типов со знаком и без знака
D:\ProjectsRepo\PDTR\TextRPG v0.0.31\Inventory.h(351,22): warning C4018: <: несоответствие типов со знаком и без знака
D:\ProjectsRepo\PDTR\TextRPG v0.0.31\Inventory.h(356,22): warning C4018: <: несоответствие типов со знаком и без знака
D:\ProjectsRepo\PDTR\TextRPG v0.0.31\Inventory.h(361,22): warning C4018: <: несоответствие типов со знаком и без знака
D:\ProjectsRepo\PDTR\TextRPG v0.0.31\Inventory.h(369,16): warning C4018: >: несоответствие типов со знаком и без знака
D:\ProjectsRepo\PDTR\TextRPG v0.0.31\Inventory.h(379,22): warning C4018: <: несоответствие типов со знаком и без знака
D:\ProjectsRepo\PDTR\TextRPG v0.0.31\Inventory.h(385,68): warning C4018: <: несоответствие типов со знаком и без знака
D:\ProjectsRepo\PDTR\TextRPG v0.0.31\Inventory.h(391,67): warning C4018: <: несоответствие типов со знаком и без знака
D:\ProjectsRepo\PDTR\TextRPG v0.0.31\Inventory.h(397,73): warning C4018: <: несоответствие типов со знаком и без знака
D:\ProjectsRepo\PDTR\TextRPG v0.0.31\Inventory.h(403,72): warning C4018: <: несоответствие типов со знаком и без знака
  Создание кода...
D:\ProjectsRepo\PDTR\TextRPG v0.0.31\Inventory.h(411): warning C4715: Inventory::DropItemSub: значение возвращается не при всех путях выполнения
D:\ProjectsRepo\PDTR\TextRPG v0.0.31\WorldExtensions.h(66): warning C4715: WorldInventory::FindLocation: значение возвращается не при всех путях выполнения
  TextRPG.vcxproj -> D:\ProjectsRepo\PDTR\TextRPG v0.0.31\Debug\TextRPG.exe
