d:\projectsrepo\pdtr\textrpg v0.0.31\release\vc142.pdb
d:\projectsrepo\pdtr\textrpg v0.0.31\release\statistics.obj
d:\projectsrepo\pdtr\textrpg v0.0.31\release\temporary.obj
d:\projectsrepo\pdtr\textrpg v0.0.31\release\items.obj
d:\projectsrepo\pdtr\textrpg v0.0.31\release\resources.obj
d:\projectsrepo\pdtr\textrpg v0.0.31\release\world.obj
d:\projectsrepo\pdtr\textrpg v0.0.31\release\skills.obj
d:\projectsrepo\pdtr\textrpg v0.0.31\release\gamesource.obj
d:\projectsrepo\pdtr\textrpg v0.0.31\release\game.obj
d:\projectsrepo\pdtr\textrpg v0.0.31\release\enemies.obj
d:\projectsrepo\pdtr\textrpg v0.0.31\release\battlesystem.obj
d:\projectsrepo\pdtr\textrpg v0.0.31\release\attributes.obj
d:\projectsrepo\pdtr\textrpg v0.0.31\release\textrpg.ipdb
d:\projectsrepo\pdtr\textrpg v0.0.31\release\textrpg.iobj
d:\projectsrepo\pdtr\textrpg v0.0.31\release\source.obj
d:\projectsrepo\pdtr\textrpg v0.0.31\release\textrpg.pdb
d:\projectsrepo\pdtr\textrpg v0.0.31\release\textrpg.tlog\cl.command.1.tlog
d:\projectsrepo\pdtr\textrpg v0.0.31\release\textrpg.tlog\cl.read.1.tlog
d:\projectsrepo\pdtr\textrpg v0.0.31\release\textrpg.tlog\cl.write.1.tlog
d:\projectsrepo\pdtr\textrpg v0.0.31\release\textrpg.tlog\link.command.1.tlog
d:\projectsrepo\pdtr\textrpg v0.0.31\release\textrpg.tlog\link.delete.1.tlog
d:\projectsrepo\pdtr\textrpg v0.0.31\release\textrpg.tlog\link.read.1.tlog
d:\projectsrepo\pdtr\textrpg v0.0.31\release\textrpg.tlog\link.write.1.tlog
d:\projectsrepo\pdtr\textrpg v0.0.31\release\textrpg.tlog\textrpg.write.1u.tlog
