  World.cpp
D:\ProjectsRepo\PDTR\TextRPG v0.0.31\SkillStock.h(151,21): warning C4018: <: несоответствие типов со знаком и без знака
D:\ProjectsRepo\PDTR\TextRPG v0.0.31\SkillStock.h(158,15): warning C4018: >: несоответствие типов со знаком и без знака
D:\ProjectsRepo\PDTR\TextRPG v0.0.31\SkillStock.h(170,21): warning C4018: <: несоответствие типов со знаком и без знака
D:\ProjectsRepo\PDTR\TextRPG v0.0.31\SkillStock.h(177,15): warning C4018: >: несоответствие типов со знаком и без знака
D:\ProjectsRepo\PDTR\TextRPG v0.0.31\SkillStock.h(189,21): warning C4018: <: несоответствие типов со знаком и без знака
D:\ProjectsRepo\PDTR\TextRPG v0.0.31\SkillStock.h(196,15): warning C4018: >: несоответствие типов со знаком и без знака
D:\ProjectsRepo\PDTR\TextRPG v0.0.31\Inventory.h(206,22): warning C4018: <: несоответствие типов со знаком и без знака
D:\ProjectsRepo\PDTR\TextRPG v0.0.31\Inventory.h(211,22): warning C4018: <: несоответствие типов со знаком и без знака
D:\ProjectsRepo\PDTR\TextRPG v0.0.31\Inventory.h(216,22): warning C4018: <: несоответствие типов со знаком и без знака
D:\ProjectsRepo\PDTR\TextRPG v0.0.31\Inventory.h(221,22): warning C4018: <: несоответствие типов со знаком и без знака
D:\ProjectsRepo\PDTR\TextRPG v0.0.31\Inventory.h(226,22): warning C4018: <: несоответствие типов со знаком и без знака
D:\ProjectsRepo\PDTR\TextRPG v0.0.31\Inventory.h(234,16): warning C4018: >: несоответствие типов со знаком и без знака
D:\ProjectsRepo\PDTR\TextRPG v0.0.31\Inventory.h(244,22): warning C4018: <: несоответствие типов со знаком и без знака
D:\ProjectsRepo\PDTR\TextRPG v0.0.31\Inventory.h(250,68): warning C4018: <: несоответствие типов со знаком и без знака
D:\ProjectsRepo\PDTR\TextRPG v0.0.31\Inventory.h(256,67): warning C4018: <: несоответствие типов со знаком и без знака
D:\ProjectsRepo\PDTR\TextRPG v0.0.31\Inventory.h(262,73): warning C4018: <: несоответствие типов со знаком и без знака
D:\ProjectsRepo\PDTR\TextRPG v0.0.31\Inventory.h(268,72): warning C4018: <: несоответствие типов со знаком и без знака
D:\ProjectsRepo\PDTR\TextRPG v0.0.31\WorldExtensions.h(179,22): warning C4018: <: несоответствие типов со знаком и без знака
D:\ProjectsRepo\PDTR\TextRPG v0.0.31\WorldExtensions.h(185,16): warning C4018: >: несоответствие типов со знаком и без знака
  game.cpp
D:\ProjectsRepo\PDTR\TextRPG v0.0.31\SkillStock.h(151,21): warning C4018: <: несоответствие типов со знаком и без знака
D:\ProjectsRepo\PDTR\TextRPG v0.0.31\SkillStock.h(158,15): warning C4018: >: несоответствие типов со знаком и без знака
D:\ProjectsRepo\PDTR\TextRPG v0.0.31\SkillStock.h(170,21): warning C4018: <: несоответствие типов со знаком и без знака
D:\ProjectsRepo\PDTR\TextRPG v0.0.31\SkillStock.h(177,15): warning C4018: >: несоответствие типов со знаком и без знака
D:\ProjectsRepo\PDTR\TextRPG v0.0.31\SkillStock.h(189,21): warning C4018: <: несоответствие типов со знаком и без знака
D:\ProjectsRepo\PDTR\TextRPG v0.0.31\SkillStock.h(196,15): warning C4018: >: несоответствие типов со знаком и без знака
D:\ProjectsRepo\PDTR\TextRPG v0.0.31\Inventory.h(206,22): warning C4018: <: несоответствие типов со знаком и без знака
D:\ProjectsRepo\PDTR\TextRPG v0.0.31\Inventory.h(211,22): warning C4018: <: несоответствие типов со знаком и без знака
D:\ProjectsRepo\PDTR\TextRPG v0.0.31\Inventory.h(216,22): warning C4018: <: несоответствие типов со знаком и без знака
D:\ProjectsRepo\PDTR\TextRPG v0.0.31\Inventory.h(221,22): warning C4018: <: несоответствие типов со знаком и без знака
D:\ProjectsRepo\PDTR\TextRPG v0.0.31\Inventory.h(226,22): warning C4018: <: несоответствие типов со знаком и без знака
D:\ProjectsRepo\PDTR\TextRPG v0.0.31\Inventory.h(234,16): warning C4018: >: несоответствие типов со знаком и без знака
D:\ProjectsRepo\PDTR\TextRPG v0.0.31\Inventory.h(244,22): warning C4018: <: несоответствие типов со знаком и без знака
D:\ProjectsRepo\PDTR\TextRPG v0.0.31\Inventory.h(250,68): warning C4018: <: несоответствие типов со знаком и без знака
D:\ProjectsRepo\PDTR\TextRPG v0.0.31\Inventory.h(256,67): warning C4018: <: несоответствие типов со знаком и без знака
D:\ProjectsRepo\PDTR\TextRPG v0.0.31\Inventory.h(262,73): warning C4018: <: несоответствие типов со знаком и без знака
D:\ProjectsRepo\PDTR\TextRPG v0.0.31\Inventory.h(268,72): warning C4018: <: несоответствие типов со знаком и без знака
D:\ProjectsRepo\PDTR\TextRPG v0.0.31\WorldExtensions.h(179,22): warning C4018: <: несоответствие типов со знаком и без знака
D:\ProjectsRepo\PDTR\TextRPG v0.0.31\WorldExtensions.h(185,16): warning C4018: >: несоответствие типов со знаком и без знака
  gameSource.cpp
D:\ProjectsRepo\PDTR\TextRPG v0.0.31\SkillStock.h(151,21): warning C4018: <: несоответствие типов со знаком и без знака
D:\ProjectsRepo\PDTR\TextRPG v0.0.31\SkillStock.h(158,15): warning C4018: >: несоответствие типов со знаком и без знака
D:\ProjectsRepo\PDTR\TextRPG v0.0.31\SkillStock.h(170,21): warning C4018: <: несоответствие типов со знаком и без знака
D:\ProjectsRepo\PDTR\TextRPG v0.0.31\SkillStock.h(177,15): warning C4018: >: несоответствие типов со знаком и без знака
D:\ProjectsRepo\PDTR\TextRPG v0.0.31\SkillStock.h(189,21): warning C4018: <: несоответствие типов со знаком и без знака
D:\ProjectsRepo\PDTR\TextRPG v0.0.31\SkillStock.h(196,15): warning C4018: >: несоответствие типов со знаком и без знака
D:\ProjectsRepo\PDTR\TextRPG v0.0.31\Inventory.h(206,22): warning C4018: <: несоответствие типов со знаком и без знака
D:\ProjectsRepo\PDTR\TextRPG v0.0.31\Inventory.h(211,22): warning C4018: <: несоответствие типов со знаком и без знака
D:\ProjectsRepo\PDTR\TextRPG v0.0.31\Inventory.h(216,22): warning C4018: <: несоответствие типов со знаком и без знака
D:\ProjectsRepo\PDTR\TextRPG v0.0.31\Inventory.h(221,22): warning C4018: <: несоответствие типов со знаком и без знака
D:\ProjectsRepo\PDTR\TextRPG v0.0.31\Inventory.h(226,22): warning C4018: <: несоответствие типов со знаком и без знака
D:\ProjectsRepo\PDTR\TextRPG v0.0.31\Inventory.h(234,16): warning C4018: >: несоответствие типов со знаком и без знака
D:\ProjectsRepo\PDTR\TextRPG v0.0.31\Inventory.h(244,22): warning C4018: <: несоответствие типов со знаком и без знака
D:\ProjectsRepo\PDTR\TextRPG v0.0.31\Inventory.h(250,68): warning C4018: <: несоответствие типов со знаком и без знака
D:\ProjectsRepo\PDTR\TextRPG v0.0.31\Inventory.h(256,67): warning C4018: <: несоответствие типов со знаком и без знака
D:\ProjectsRepo\PDTR\TextRPG v0.0.31\Inventory.h(262,73): warning C4018: <: несоответствие типов со знаком и без знака
D:\ProjectsRepo\PDTR\TextRPG v0.0.31\Inventory.h(268,72): warning C4018: <: несоответствие типов со знаком и без знака
D:\ProjectsRepo\PDTR\TextRPG v0.0.31\WorldExtensions.h(179,22): warning C4018: <: несоответствие типов со знаком и без знака
D:\ProjectsRepo\PDTR\TextRPG v0.0.31\WorldExtensions.h(185,16): warning C4018: >: несоответствие типов со знаком и без знака
  Создание кода
  6 of 942 functions ( 0.6%) were compiled, the rest were copied from previous compilation.
    0 functions were new in current compilation
    1 functions had inline decision re-evaluated but remain unchanged
  Создание кода завершено
  TextRPG.vcxproj -> D:\ProjectsRepo\PDTR\TextRPG v0.0.31\Release\TextRPG.exe
